This file contains any messages produced by compilers while
running configure, to aid debugging if configure makes a mistake.

It was created by libbswabe configure 0.9, which was
generated by GNU Autoconf 2.67.  Invocation command line was

  $ ./configure 

## --------- ##
## Platform. ##
## --------- ##

hostname = Angelees-MacBook-Pro-2.local
uname -m = x86_64
uname -r = 13.4.0
uname -s = Darwin
uname -v = Darwin Kernel Version 13.4.0: Sun Aug 17 19:50:11 PDT 2014; root:xnu-2422.115.4~1/RELEASE_X86_64

/usr/bin/uname -p = i386
/bin/uname -X     = unknown

/bin/arch              = unknown
/usr/bin/arch -k       = unknown
/usr/convex/getsysinfo = unknown
/usr/bin/hostinfo      = Mach kernel version:
	 Darwin Kernel Version 13.4.0: Sun Aug 17 19:50:11 PDT 2014; root:xnu-2422.115.4~1/RELEASE_X86_64
Kernel configured for up to 4 processors.
2 processors are physically available.
4 processors are logically available.
Processor type: i486 (Intel 80486)
Processors active: 0 1 2 3
Primary memory available: 4.00 gigabytes
Default processor set: 169 tasks, 900 threads, 4 processors
Load average: 2.51, Mach factor: 2.16
/bin/machine           = unknown
/usr/bin/oslevel       = unknown
/bin/universe          = unknown

PATH: /usr/bin
PATH: /bin
PATH: /usr/sbin
PATH: /sbin
PATH: /usr/local/bin
PATH: /usr/texbin


## ----------- ##
## Core tests. ##
## ----------- ##

configure:2153: checking whether to enable debugging
configure:2173: result: no
configure:2224: checking for gcc
configure:2240: found /usr/bin/gcc
configure:2251: result: gcc
configure:2480: checking for C compiler version
configure:2489: gcc --version >&5
Apple LLVM version 6.0 (clang-600.0.54) (based on LLVM 3.5svn)
Target: x86_64-apple-darwin13.4.0
Thread model: posix
Configured with: --prefix=/Library/Developer/CommandLineTools/usr --with-gxx-include-dir=/usr/include/c++/4.2.1
configure:2500: $? = 0
configure:2489: gcc -v >&5
Configured with: --prefix=/Library/Developer/CommandLineTools/usr --with-gxx-include-dir=/usr/include/c++/4.2.1
Apple LLVM version 6.0 (clang-600.0.54) (based on LLVM 3.5svn)
Target: x86_64-apple-darwin13.4.0
Thread model: posix
configure:2500: $? = 0
configure:2489: gcc -V >&5
clang: error: argument to '-V' is missing (expected 1 value)
clang: error: no input files
configure:2500: $? = 1
configure:2489: gcc -qversion >&5
clang: error: unknown argument: '-qversion'
clang: error: no input files
configure:2500: $? = 1
configure:2520: checking whether the C compiler works
configure:2542: gcc -O3 -Wall  -O3 -Wall conftest.c  >&5
configure:2546: $? = 0
configure:2594: result: yes
configure:2597: checking for C compiler default output file name
configure:2599: result: a.out
configure:2605: checking for suffix of executables
configure:2612: gcc -o conftest -O3 -Wall  -O3 -Wall conftest.c  >&5
configure:2616: $? = 0
configure:2638: result: 
configure:2660: checking whether we are cross compiling
configure:2668: gcc -o conftest -O3 -Wall  -O3 -Wall conftest.c  >&5
configure:2672: $? = 0
configure:2679: ./conftest
configure:2683: $? = 0
configure:2698: result: no
configure:2703: checking for suffix of object files
configure:2725: gcc -c -O3 -Wall  conftest.c >&5
configure:2729: $? = 0
configure:2750: result: o
configure:2754: checking whether we are using the GNU C compiler
configure:2773: gcc -c -O3 -Wall  conftest.c >&5
configure:2773: $? = 0
configure:2782: result: yes
configure:2791: checking whether gcc accepts -g
configure:2811: gcc -c -g  conftest.c >&5
configure:2811: $? = 0
configure:2852: result: yes
configure:2869: checking for gcc option to accept ISO C89
configure:2933: gcc  -c -O3 -Wall  conftest.c >&5
configure:2933: $? = 0
configure:2946: result: none needed
configure:2973: checking for an ANSI C-conforming const
configure:3038: gcc -c -O3 -Wall  conftest.c >&5
conftest.c:54:18: warning: variable 'b' is uninitialized when used here [-Wuninitialized]
    struct s *b; b->j = 5;
                 ^
conftest.c:54:16: note: initialize the variable 'b' to silence this warning
    struct s *b; b->j = 5;
               ^
                = 0
conftest.c:38:6: warning: variable 't' is uninitialized when used here [-Wuninitialized]
    *t++ = 0;
     ^
conftest.c:35:12: note: initialize the variable 't' to silence this warning
    char *t;
           ^
            = 0
2 warnings generated.
configure:3038: $? = 0
configure:3045: result: yes
configure:3058: checking how to run the C preprocessor
configure:3089: gcc -E  conftest.c
configure:3089: $? = 0
configure:3103: gcc -E  conftest.c
conftest.c:9:10: fatal error: 'ac_nonexistent.h' file not found
#include <ac_nonexistent.h>
         ^
1 error generated.
configure:3103: $? = 1
configure: failed program was:
| /* confdefs.h */
| #define PACKAGE_NAME "libbswabe"
| #define PACKAGE_TARNAME "libbswabe"
| #define PACKAGE_VERSION "0.9"
| #define PACKAGE_STRING "libbswabe 0.9"
| #define PACKAGE_BUGREPORT "bethenco@cs.berkeley.edu"
| #define PACKAGE_URL ""
| /* end confdefs.h.  */
| #include <ac_nonexistent.h>
configure:3128: result: gcc -E
configure:3148: gcc -E  conftest.c
configure:3148: $? = 0
configure:3162: gcc -E  conftest.c
conftest.c:9:10: fatal error: 'ac_nonexistent.h' file not found
#include <ac_nonexistent.h>
         ^
1 error generated.
configure:3162: $? = 1
configure: failed program was:
| /* confdefs.h */
| #define PACKAGE_NAME "libbswabe"
| #define PACKAGE_TARNAME "libbswabe"
| #define PACKAGE_VERSION "0.9"
| #define PACKAGE_STRING "libbswabe 0.9"
| #define PACKAGE_BUGREPORT "bethenco@cs.berkeley.edu"
| #define PACKAGE_URL ""
| /* end confdefs.h.  */
| #include <ac_nonexistent.h>
configure:3191: checking for grep that handles long lines and -e
configure:3249: result: /usr/bin/grep
configure:3254: checking for egrep
configure:3316: result: /usr/bin/grep -E
configure:3321: checking for ANSI C header files
configure:3341: gcc -c -O3 -Wall  conftest.c >&5
configure:3341: $? = 0
configure:3414: gcc -o conftest -O3 -Wall  -O3 -Wall conftest.c  >&5
configure:3414: $? = 0
configure:3414: ./conftest
configure:3414: $? = 0
configure:3425: result: yes
configure:3438: checking for sys/types.h
configure:3438: gcc -c -O3 -Wall  conftest.c >&5
configure:3438: $? = 0
configure:3438: result: yes
configure:3438: checking for sys/stat.h
configure:3438: gcc -c -O3 -Wall  conftest.c >&5
configure:3438: $? = 0
configure:3438: result: yes
configure:3438: checking for stdlib.h
configure:3438: gcc -c -O3 -Wall  conftest.c >&5
configure:3438: $? = 0
configure:3438: result: yes
configure:3438: checking for string.h
configure:3438: gcc -c -O3 -Wall  conftest.c >&5
configure:3438: $? = 0
configure:3438: result: yes
configure:3438: checking for memory.h
configure:3438: gcc -c -O3 -Wall  conftest.c >&5
configure:3438: $? = 0
configure:3438: result: yes
configure:3438: checking for strings.h
configure:3438: gcc -c -O3 -Wall  conftest.c >&5
configure:3438: $? = 0
configure:3438: result: yes
configure:3438: checking for inttypes.h
configure:3438: gcc -c -O3 -Wall  conftest.c >&5
configure:3438: $? = 0
configure:3438: result: yes
configure:3438: checking for stdint.h
configure:3438: gcc -c -O3 -Wall  conftest.c >&5
configure:3438: $? = 0
configure:3438: result: yes
configure:3438: checking for unistd.h
configure:3438: gcc -c -O3 -Wall  conftest.c >&5
configure:3438: $? = 0
configure:3438: result: yes
configure:3450: checking for uint32_t
configure:3450: gcc -c -O3 -Wall  conftest.c >&5
configure:3450: $? = 0
configure:3450: result: yes
configure:3465: checking for ANSI C header files
configure:3569: result: yes
configure:3580: checking for stdint.h
configure:3580: result: yes
configure:3580: checking for stdlib.h
configure:3580: result: yes
configure:3580: checking for string.h
configure:3580: result: yes
configure:3595: checking for stdlib.h
configure:3595: result: yes
configure:3605: checking for GNU libc compatible malloc
configure:3629: gcc -o conftest -O3 -Wall  -O3 -Wall conftest.c  >&5
configure:3629: $? = 0
configure:3629: ./conftest
configure:3629: $? = 0
configure:3639: result: yes
configure:3662: checking for working alloca.h
configure:3679: gcc -o conftest -O3 -Wall  -O3 -Wall conftest.c  >&5
configure:3679: $? = 0
configure:3687: result: yes
configure:3695: checking for alloca
configure:3732: gcc -o conftest -O3 -Wall  -O3 -Wall conftest.c  >&5
configure:3732: $? = 0
configure:3740: result: yes
configure:3851: checking for vprintf
configure:3851: gcc -o conftest -O3 -Wall  -O3 -Wall conftest.c  >&5
conftest.c:50:6: warning: incompatible redeclaration of library function 'vprintf' [-Wincompatible-library-redeclaration]
char vprintf ();
     ^
conftest.c:50:6: note: 'vprintf' is a builtin with type 'int (const char *, __va_list_tag *)'
1 warning generated.
configure:3851: $? = 0
configure:3851: result: yes
configure:3857: checking for _doprnt
configure:3857: gcc -o conftest -O3 -Wall  -O3 -Wall conftest.c  >&5
Undefined symbols for architecture x86_64:
  "__doprnt", referenced from:
      _main in conftest-99850c.o
ld: symbol(s) not found for architecture x86_64
clang: error: linker command failed with exit code 1 (use -v to see invocation)
configure:3857: $? = 1
configure: failed program was:
| /* confdefs.h */
| #define PACKAGE_NAME "libbswabe"
| #define PACKAGE_TARNAME "libbswabe"
| #define PACKAGE_VERSION "0.9"
| #define PACKAGE_STRING "libbswabe 0.9"
| #define PACKAGE_BUGREPORT "bethenco@cs.berkeley.edu"
| #define PACKAGE_URL ""
| #define STDC_HEADERS 1
| #define HAVE_SYS_TYPES_H 1
| #define HAVE_SYS_STAT_H 1
| #define HAVE_STDLIB_H 1
| #define HAVE_STRING_H 1
| #define HAVE_MEMORY_H 1
| #define HAVE_STRINGS_H 1
| #define HAVE_INTTYPES_H 1
| #define HAVE_STDINT_H 1
| #define HAVE_UNISTD_H 1
| #define STDC_HEADERS 1
| #define HAVE_STDINT_H 1
| #define HAVE_STDLIB_H 1
| #define HAVE_STRING_H 1
| #define HAVE_STDLIB_H 1
| #define HAVE_MALLOC 1
| #define HAVE_ALLOCA_H 1
| #define HAVE_ALLOCA 1
| #define HAVE_VPRINTF 1
| /* end confdefs.h.  */
| /* Define _doprnt to an innocuous variant, in case <limits.h> declares _doprnt.
|    For example, HP-UX 11i <limits.h> declares gettimeofday.  */
| #define _doprnt innocuous__doprnt
| 
| /* System header to define __stub macros and hopefully few prototypes,
|     which can conflict with char _doprnt (); below.
|     Prefer <limits.h> to <assert.h> if __STDC__ is defined, since
|     <limits.h> exists even on freestanding compilers.  */
| 
| #ifdef __STDC__
| # include <limits.h>
| #else
| # include <assert.h>
| #endif
| 
| #undef _doprnt
| 
| /* Override any GCC internal prototype to avoid an error.
|    Use char because int might match the return type of a GCC
|    builtin and then its argument prototype would still apply.  */
| #ifdef __cplusplus
| extern "C"
| #endif
| char _doprnt ();
| /* The GNU C library defines this for functions which it implements
|     to always fail with ENOSYS.  Some functions are actually named
|     something starting with __ and the normal name is an alias.  */
| #if defined __stub__doprnt || defined __stub____doprnt
| choke me
| #endif
| 
| int
| main ()
| {
| return _doprnt ();
|   ;
|   return 0;
| }
configure:3857: result: no
configure:3868: checking for SHA1 in -lcrypto
configure:3893: gcc -o conftest -O3 -Wall  -O3 -Wall conftest.c -lcrypto   >&5
configure:3893: $? = 0
configure:3902: result: yes
configure:3917: checking for strdup
configure:3917: gcc -o conftest -O3 -Wall  -O3 -Wall conftest.c -lcrypto  >&5
conftest.c:52:6: warning: incompatible redeclaration of library function 'strdup' [-Wincompatible-library-redeclaration]
char strdup ();
     ^
conftest.c:52:6: note: 'strdup' is a builtin with type 'char *(const char *)'
1 warning generated.
configure:3917: $? = 0
configure:3917: result: yes
configure:3958: checking for pkg-config
configure:3976: found /usr/local/bin/pkg-config
configure:3989: result: /usr/local/bin/pkg-config
configure:4013: checking for GLIB - version >= 2.0.0
configure:4127: gcc -o conftest -O3 -Wall -I/usr/local/Cellar/glib/2.42.1/include/glib-2.0 -I/usr/local/Cellar/glib/2.42.1/lib/glib-2.0/include -I/usr/local/opt/gettext/include   -O3 -Wall conftest.c -L/usr/local/Cellar/glib/2.42.1/lib -L/usr/local/opt/gettext/lib -lglib-2.0 -lintl  -lcrypto  >&5
configure:4127: $? = 0
configure:4127: ./conftest
configure:4127: $? = 0
configure:4141: result: yes (version 2.42.1)
configure:4209: checking for GMP version >= 4.0.0 or later
configure:4256: gcc -o conftest -O3 -Wall   -O3 -Wall conftest.c -lcrypto  -lgmp >&5
configure:4256: $? = 0
configure:4271: gcc -o conftest -O3 -Wall   -O3 -Wall conftest.c -lcrypto  -lgmp >&5
configure:4271: $? = 0
configure:4271: ./conftest
configure:4271: $? = 0
configure:4273: result: found
configure:4332: checking for the PBC library
configure:4379: gcc -o conftest -O3 -Wall  -I/usr/include/pbc -I/usr/local/include/pbc  -O3 -Wall conftest.c -lcrypto  -lgmp -lpbc >&5
configure:4379: $? = 0
configure:4381: result: found
configure:4560: creating ./config.status

## ---------------------- ##
## Running config.status. ##
## ---------------------- ##

This file was extended by libbswabe config.status 0.9, which was
generated by GNU Autoconf 2.67.  Invocation command line was

  CONFIG_FILES    = 
  CONFIG_HEADERS  = 
  CONFIG_LINKS    = 
  CONFIG_COMMANDS = 
  $ ./config.status 

on Angelees-MacBook-Pro-2.local

config.status:745: creating Makefile

## ---------------- ##
## Cache variables. ##
## ---------------- ##

ac_cv_c_compiler_gnu=yes
ac_cv_c_const=yes
ac_cv_c_uint32_t=yes
ac_cv_env_CC_set=
ac_cv_env_CC_value=
ac_cv_env_CFLAGS_set=
ac_cv_env_CFLAGS_value=
ac_cv_env_CPPFLAGS_set=
ac_cv_env_CPPFLAGS_value=
ac_cv_env_CPP_set=
ac_cv_env_CPP_value=
ac_cv_env_LDFLAGS_set=
ac_cv_env_LDFLAGS_value=
ac_cv_env_LIBS_set=
ac_cv_env_LIBS_value=
ac_cv_env_build_alias_set=
ac_cv_env_build_alias_value=
ac_cv_env_host_alias_set=
ac_cv_env_host_alias_value=
ac_cv_env_target_alias_set=
ac_cv_env_target_alias_value=
ac_cv_func__doprnt=no
ac_cv_func_alloca_works=yes
ac_cv_func_malloc_0_nonnull=yes
ac_cv_func_strdup=yes
ac_cv_func_vprintf=yes
ac_cv_header_inttypes_h=yes
ac_cv_header_memory_h=yes
ac_cv_header_stdc=yes
ac_cv_header_stdint_h=yes
ac_cv_header_stdlib_h=yes
ac_cv_header_string_h=yes
ac_cv_header_strings_h=yes
ac_cv_header_sys_stat_h=yes
ac_cv_header_sys_types_h=yes
ac_cv_header_unistd_h=yes
ac_cv_lib_crypto_SHA1=yes
ac_cv_objext=o
ac_cv_path_EGREP='/usr/bin/grep -E'
ac_cv_path_GREP=/usr/bin/grep
ac_cv_path_PKG_CONFIG=/usr/local/bin/pkg-config
ac_cv_prog_CPP='gcc -E'
ac_cv_prog_ac_ct_CC=gcc
ac_cv_prog_cc_c89=
ac_cv_prog_cc_g=yes
ac_cv_working_alloca_h=yes

## ----------------- ##
## Output variables. ##
## ----------------- ##

ALLOCA=''
CC='gcc'
CFLAGS='-O3 -Wall'
CPP='gcc -E'
CPPFLAGS=''
DEFS='-DPACKAGE_NAME=\"libbswabe\" -DPACKAGE_TARNAME=\"libbswabe\" -DPACKAGE_VERSION=\"0.9\" -DPACKAGE_STRING=\"libbswabe\ 0.9\" -DPACKAGE_BUGREPORT=\"bethenco@cs.berkeley.edu\" -DPACKAGE_URL=\"\" -DSTDC_HEADERS=1 -DHAVE_SYS_TYPES_H=1 -DHAVE_SYS_STAT_H=1 -DHAVE_STDLIB_H=1 -DHAVE_STRING_H=1 -DHAVE_MEMORY_H=1 -DHAVE_STRINGS_H=1 -DHAVE_INTTYPES_H=1 -DHAVE_STDINT_H=1 -DHAVE_UNISTD_H=1 -DSTDC_HEADERS=1 -DHAVE_STDINT_H=1 -DHAVE_STDLIB_H=1 -DHAVE_STRING_H=1 -DHAVE_STDLIB_H=1 -DHAVE_MALLOC=1 -DHAVE_ALLOCA_H=1 -DHAVE_ALLOCA=1 -DHAVE_VPRINTF=1 -DHAVE_LIBCRYPTO=1 -DHAVE_STRDUP=1 -DHAVE_GMP=1 -DHAVE_PBC=1'
ECHO_C='\c'
ECHO_N=''
ECHO_T=''
EGREP='/usr/bin/grep -E'
EXEEXT=''
GLIB_CFLAGS='-I/usr/local/Cellar/glib/2.42.1/include/glib-2.0 -I/usr/local/Cellar/glib/2.42.1/lib/glib-2.0/include -I/usr/local/opt/gettext/include '
GLIB_GENMARSHAL='glib-genmarshal'
GLIB_LIBS='-L/usr/local/Cellar/glib/2.42.1/lib -L/usr/local/opt/gettext/lib -lglib-2.0 -lintl '
GLIB_MKENUMS='glib-mkenums'
GMP_CFLAGS=''
GMP_LIBS='-lgmp'
GOBJECT_QUERY='gobject-query'
GREP='/usr/bin/grep'
LDFLAGS='-O3 -Wall'
LIBOBJS=''
LIBS='-lcrypto '
LTLIBOBJS=''
OBJEXT='o'
PACKAGE_BUGREPORT='bethenco@cs.berkeley.edu'
PACKAGE_NAME='libbswabe'
PACKAGE_STRING='libbswabe 0.9'
PACKAGE_TARNAME='libbswabe'
PACKAGE_URL=''
PACKAGE_VERSION='0.9'
PATH_SEPARATOR=':'
PBC_CFLAGS='-I/usr/include/pbc -I/usr/local/include/pbc'
PBC_LIBS='-lpbc'
PKG_CONFIG='/usr/local/bin/pkg-config'
SHELL='/bin/sh'
ac_ct_CC='gcc'
bindir='${exec_prefix}/bin'
build_alias=''
datadir='${datarootdir}'
datarootdir='${prefix}/share'
docdir='${datarootdir}/doc/${PACKAGE_TARNAME}'
dvidir='${docdir}'
exec_prefix='${prefix}'
host_alias=''
htmldir='${docdir}'
includedir='${prefix}/include'
infodir='${datarootdir}/info'
libdir='${exec_prefix}/lib'
libexecdir='${exec_prefix}/libexec'
localedir='${datarootdir}/locale'
localstatedir='${prefix}/var'
mandir='${datarootdir}/man'
oldincludedir='/usr/include'
pdfdir='${docdir}'
prefix='/usr/local'
program_transform_name='s,x,x,'
psdir='${docdir}'
sbindir='${exec_prefix}/sbin'
sharedstatedir='${prefix}/com'
sysconfdir='${prefix}/etc'
target_alias=''

## ----------- ##
## confdefs.h. ##
## ----------- ##

/* confdefs.h */
#define PACKAGE_NAME "libbswabe"
#define PACKAGE_TARNAME "libbswabe"
#define PACKAGE_VERSION "0.9"
#define PACKAGE_STRING "libbswabe 0.9"
#define PACKAGE_BUGREPORT "bethenco@cs.berkeley.edu"
#define PACKAGE_URL ""
#define STDC_HEADERS 1
#define HAVE_SYS_TYPES_H 1
#define HAVE_SYS_STAT_H 1
#define HAVE_STDLIB_H 1
#define HAVE_STRING_H 1
#define HAVE_MEMORY_H 1
#define HAVE_STRINGS_H 1
#define HAVE_INTTYPES_H 1
#define HAVE_STDINT_H 1
#define HAVE_UNISTD_H 1
#define STDC_HEADERS 1
#define HAVE_STDINT_H 1
#define HAVE_STDLIB_H 1
#define HAVE_STRING_H 1
#define HAVE_STDLIB_H 1
#define HAVE_MALLOC 1
#define HAVE_ALLOCA_H 1
#define HAVE_ALLOCA 1
#define HAVE_VPRINTF 1
#define HAVE_LIBCRYPTO 1
#define HAVE_STRDUP 1
#define HAVE_GMP 1
#define HAVE_PBC 1

configure: exit 0
